<?xml version="1.0" encoding="UTF-8"?>
<!-- Generated by org.testng.reporters.JUnitReportReporter -->
<testsuite hostname="LAPTOP-T9EFSAMR" failures="0" tests="2" name="testCases.DeleteOneAcount" time="1.883" errors="0" timestamp="2024-04-26T16:42:41 CDT" skipped="0">
  <testcase classname="testCases.DeleteOneAcount" name="deleteOneAccount" time="0.852"/>
  <system-out/>
  <testcase classname="testCases.DeleteOneAcount" name="readOneAccount" time="1.031"/>
  <system-out/>
</testsuite> <!-- testCases.DeleteOneAcount -->
