<?xml version="1.0" encoding="UTF-8"?>
<!-- Generated by org.testng.reporters.JUnitReportReporter -->
<testsuite hostname="LAPTOP-T9EFSAMR" failures="0" tests="1" name="testCases.ReadAllAcounts" time="2.469" errors="0" timestamp="2024-04-26T15:37:08 CDT" skipped="0">
  <testcase classname="testCases.ReadAllAcounts" name="readAllAccounts" time="2.469"/>
  <system-out/>
</testsuite> <!-- testCases.ReadAllAcounts -->
