<?xml version="1.0" encoding="UTF-8"?>
<!-- Generated by org.testng.reporters.JUnitReportReporter -->
<testsuite hostname="LAPTOP-T9EFSAMR" failures="0" tests="1" name="testCases.ReadOneAcounts" time="1.079" errors="0" timestamp="2024-04-25T14:43:42 CDT" skipped="0">
  <testcase classname="testCases.ReadOneAcounts" name="readOneAccounts" time="1.079"/>
  <system-out/>
</testsuite> <!-- testCases.ReadOneAcounts -->
