<?xml version="1.0" encoding="UTF-8"?>
<!-- Generated by org.testng.reporters.JUnitReportReporter -->
<testsuite hostname="LAPTOP-T9EFSAMR" failures="0" tests="1" name="testCases.GenerateAuthToken" time="3.469" errors="0" timestamp="2024-04-18T14:39:42 CDT" skipped="0">
  <testcase classname="testCases.GenerateAuthToken" name="generateAuthToken" time="3.469"/>
  <system-out/>
</testsuite> <!-- testCases.GenerateAuthToken -->
