<?xml version="1.0" encoding="UTF-8"?>
<!-- Generated by org.testng.reporters.JUnitReportReporter -->
<testsuite hostname="LAPTOP-T9EFSAMR" failures="0" tests="3" name="testCases.CreateOneAcount" time="3.228" errors="0" timestamp="2024-04-29T12:25:13 CDT" skipped="0">
  <testcase classname="testCases.CreateOneAcount" name="createOneAccount" time="0.842"/>
  <system-out/>
  <testcase classname="testCases.CreateOneAcount" name="readAllAccounts" time="1.194"/>
  <system-out/>
  <testcase classname="testCases.CreateOneAcount" name="readOneAccount" time="1.192"/>
  <system-out/>
</testsuite> <!-- testCases.CreateOneAcount -->
